<?xml version="1.0" encoding="UTF-8"?>
<!-- Generated by org.testng.reporters.JUnitXMLReporter -->
<testsuite ignored="0" hostname="DESKTOP-RKB0UE6" failures="11" tests="33" name="Test" time="68.824" errors="0" timestamp="2024-05-20T00:06:59 IST">
  <testcase classname="Assigement2.webtest1" name="solution1" time="0.06">
    <failure type="org.openqa.selenium.NoSuchElementException" message="no such element: Unable to locate element: {&amp;quot;method&amp;quot;:&amp;quot;xpath&amp;quot;,&amp;quot;selector&amp;quot;:&amp;quot;//body/div[@id=&amp;apos;__next&amp;apos;]/header[@class=&amp;apos;MuiPaper-root MuiPaper-elevation MuiPaper-elevation4 MuiAppBar-root MuiAppBar-colorPrimary MuiAppBar-positionFixed mui-fixed css-1g82i9p&amp;apos;]/div[@class=&amp;apos;MuiContainer-root MuiContainer-maxWidthXl MuiContainer-disableGutters css-1orecca&amp;apos;]/div[@class=&amp;apos;MuiToolbar-root MuiToolbar-regular css-oxdlem&amp;apos;]/div[@class=&amp;apos;MuiStack-root css-19diydd&amp;apos;]/div[@class=&amp;apos;PrivateHiddenCss-root PrivateHiddenCss-mdDown css-9sga2b&amp;apos;]/div[@class=&amp;apos;MuiStack-root css-e3zn88&amp;apos;]/div[2]/div[1]/div[2]/span[1]/img[1]&amp;quot;}
  (Session info: chrome=124.0.6367.208)
For documentation on this error, please visit: https://www.selenium.dev/documentation/webdriver/troubleshooting/errors#no-such-element-exception
Build info: version: &amp;apos;4.21.0&amp;apos;, revision: &amp;apos;79ed462ef4&amp;apos;
System info: os.name: &amp;apos;Windows 10&amp;apos;, os.arch: &amp;apos;amd64&amp;apos;, os.version: &amp;apos;10.0&amp;apos;, java.version: &amp;apos;17.0.10&amp;apos;
Driver info: org.openqa.selenium.chrome.ChromeDriver
Command: [a6f30db426527961916d316edca00d24, findElement {value=//body/div[@id=&amp;apos;__next&amp;apos;]/header[@class=&amp;apos;MuiPaper-root MuiPaper-elevation MuiPaper-elevation4 MuiAppBar-root MuiAppBar-colorPrimary MuiAppBar-positionFixed mui-fixed css-1g82i9p&amp;apos;]/div[@class=&amp;apos;MuiContainer-root MuiContainer-maxWidthXl MuiContainer-disableGutters css-1orecca&amp;apos;]/div[@class=&amp;apos;MuiToolbar-root MuiToolbar-regular css-oxdlem&amp;apos;]/div[@class=&amp;apos;MuiStack-root css-19diydd&amp;apos;]/div[@class=&amp;apos;PrivateHiddenCss-root PrivateHiddenCss-mdDown css-9sga2b&amp;apos;]/div[@class=&amp;apos;MuiStack-root css-e3zn88&amp;apos;]/div[2]/div[1]/div[2]/span[1]/img[1], using=xpath}]
Capabilities {acceptInsecureCerts: false, browserName: chrome, browserVersion: 124.0.6367.208, chrome: {chromedriverVersion: 124.0.6367.207 (a9001a6e39f..., userDataDir: C:\Users\Sairam\AppData\Loc...}, fedcm:accounts: true, goog:chromeOptions: {debuggerAddress: localhost:61992}, networkConnectionEnabled: false, pageLoadStrategy: normal, platformName: windows, proxy: Proxy(), se:cdp: ws://localhost:61992/devtoo..., se:cdpVersion: 124.0.6367.208, setWindowRect: true, strictFileInteractability: false, timeouts: {implicit: 0, pageLoad: 300000, script: 30000}, unhandledPromptBehavior: dismiss and notify, webauthn:extension:credBlob: true, webauthn:extension:largeBlob: true, webauthn:extension:minPinLength: true, webauthn:extension:prf: true, webauthn:virtualAuthenticators: true}
Session ID: a6f30db426527961916d316edca00d24">
      <![CDATA[org.openqa.selenium.NoSuchElementException: no such element: Unable to locate element: {"method":"xpath","selector":"//body/div[@id='__next']/header[@class='MuiPaper-root MuiPaper-elevation MuiPaper-elevation4 MuiAppBar-root MuiAppBar-colorPrimary MuiAppBar-positionFixed mui-fixed css-1g82i9p']/div[@class='MuiContainer-root MuiContainer-maxWidthXl MuiContainer-disableGutters css-1orecca']/div[@class='MuiToolbar-root MuiToolbar-regular css-oxdlem']/div[@class='MuiStack-root css-19diydd']/div[@class='PrivateHiddenCss-root PrivateHiddenCss-mdDown css-9sga2b']/div[@class='MuiStack-root css-e3zn88']/div[2]/div[1]/div[2]/span[1]/img[1]"}
  (Session info: chrome=124.0.6367.208)
For documentation on this error, please visit: https://www.selenium.dev/documentation/webdriver/troubleshooting/errors#no-such-element-exception
Build info: version: '4.21.0', revision: '79ed462ef4'
System info: os.name: 'Windows 10', os.arch: 'amd64', os.version: '10.0', java.version: '17.0.10'
Driver info: org.openqa.selenium.chrome.ChromeDriver
Command: [a6f30db426527961916d316edca00d24, findElement {value=//body/div[@id='__next']/header[@class='MuiPaper-root MuiPaper-elevation MuiPaper-elevation4 MuiAppBar-root MuiAppBar-colorPrimary MuiAppBar-positionFixed mui-fixed css-1g82i9p']/div[@class='MuiContainer-root MuiContainer-maxWidthXl MuiContainer-disableGutters css-1orecca']/div[@class='MuiToolbar-root MuiToolbar-regular css-oxdlem']/div[@class='MuiStack-root css-19diydd']/div[@class='PrivateHiddenCss-root PrivateHiddenCss-mdDown css-9sga2b']/div[@class='MuiStack-root css-e3zn88']/div[2]/div[1]/div[2]/span[1]/img[1], using=xpath}]
Capabilities {acceptInsecureCerts: false, browserName: chrome, browserVersion: 124.0.6367.208, chrome: {chromedriverVersion: 124.0.6367.207 (a9001a6e39f..., userDataDir: C:\Users\Sairam\AppData\Loc...}, fedcm:accounts: true, goog:chromeOptions: {debuggerAddress: localhost:61992}, networkConnectionEnabled: false, pageLoadStrategy: normal, platformName: windows, proxy: Proxy(), se:cdp: ws://localhost:61992/devtoo..., se:cdpVersion: 124.0.6367.208, setWindowRect: true, strictFileInteractability: false, timeouts: {implicit: 0, pageLoad: 300000, script: 30000}, unhandledPromptBehavior: dismiss and notify, webauthn:extension:credBlob: true, webauthn:extension:largeBlob: true, webauthn:extension:minPinLength: true, webauthn:extension:prf: true, webauthn:virtualAuthenticators: true}
Session ID: a6f30db426527961916d316edca00d24
at org.openqa.selenium.remote.ErrorCodec.decode(ErrorCodec.java:167)
at org.openqa.selenium.remote.codec.w3c.W3CHttpResponseCodec.decode(W3CHttpResponseCodec.java:138)
at org.openqa.selenium.remote.codec.w3c.W3CHttpResponseCodec.decode(W3CHttpResponseCodec.java:50)
at org.openqa.selenium.remote.HttpCommandExecutor.execute(HttpCommandExecutor.java:190)
at org.openqa.selenium.remote.service.DriverCommandExecutor.invokeExecute(DriverCommandExecutor.java:216)
at org.openqa.selenium.remote.service.DriverCommandExecutor.execute(DriverCommandExecutor.java:174)
at org.openqa.selenium.remote.RemoteWebDriver.execute(RemoteWebDriver.java:518)
at org.openqa.selenium.remote.ElementLocation$ElementFinder$2.findElement(ElementLocation.java:165)
at org.openqa.selenium.remote.ElementLocation.findElement(ElementLocation.java:59)
at org.openqa.selenium.remote.RemoteWebDriver.findElement(RemoteWebDriver.java:355)
at org.openqa.selenium.remote.RemoteWebDriver.findElement(RemoteWebDriver.java:349)
at Assigement2.webtest1.solution1(webtest1.java:366)
at java.base/java.util.ArrayList.forEach(ArrayList.java:1511)
... Removed 32 stack frames]]>
    </failure>
  </testcase> <!-- solution1 -->
  <testcase classname="Assigement2.webtest1" name="solution10" time="0.02">
    <failure type="org.openqa.selenium.NoSuchElementException" message="no such element: Unable to locate element: {&amp;quot;method&amp;quot;:&amp;quot;xpath&amp;quot;,&amp;quot;selector&amp;quot;:&amp;quot;//body/div[@id=&amp;apos;__next&amp;apos;]/header[@class=&amp;apos;MuiPaper-root MuiPaper-elevation MuiPaper-elevation4 MuiAppBar-root MuiAppBar-colorPrimary MuiAppBar-positionFixed mui-fixed css-1g82i9p&amp;apos;]/div[@class=&amp;apos;MuiContainer-root MuiContainer-maxWidthXl MuiContainer-disableGutters css-1orecca&amp;apos;]/div[@class=&amp;apos;MuiToolbar-root MuiToolbar-regular css-oxdlem&amp;apos;]/div[@class=&amp;apos;MuiStack-root css-19diydd&amp;apos;]/div[@class=&amp;apos;PrivateHiddenCss-root PrivateHiddenCss-mdDown css-9sga2b&amp;apos;]/div[@class=&amp;apos;MuiStack-root css-e3zn88&amp;apos;]/div[2]/div[1]/div[2]/span[1]/img[1]&amp;quot;}
  (Session info: chrome=124.0.6367.208)
For documentation on this error, please visit: https://www.selenium.dev/documentation/webdriver/troubleshooting/errors#no-such-element-exception
Build info: version: &amp;apos;4.21.0&amp;apos;, revision: &amp;apos;79ed462ef4&amp;apos;
System info: os.name: &amp;apos;Windows 10&amp;apos;, os.arch: &amp;apos;amd64&amp;apos;, os.version: &amp;apos;10.0&amp;apos;, java.version: &amp;apos;17.0.10&amp;apos;
Driver info: org.openqa.selenium.chrome.ChromeDriver
Command: [a6f30db426527961916d316edca00d24, findElement {value=//body/div[@id=&amp;apos;__next&amp;apos;]/header[@class=&amp;apos;MuiPaper-root MuiPaper-elevation MuiPaper-elevation4 MuiAppBar-root MuiAppBar-colorPrimary MuiAppBar-positionFixed mui-fixed css-1g82i9p&amp;apos;]/div[@class=&amp;apos;MuiContainer-root MuiContainer-maxWidthXl MuiContainer-disableGutters css-1orecca&amp;apos;]/div[@class=&amp;apos;MuiToolbar-root MuiToolbar-regular css-oxdlem&amp;apos;]/div[@class=&amp;apos;MuiStack-root css-19diydd&amp;apos;]/div[@class=&amp;apos;PrivateHiddenCss-root PrivateHiddenCss-mdDown css-9sga2b&amp;apos;]/div[@class=&amp;apos;MuiStack-root css-e3zn88&amp;apos;]/div[2]/div[1]/div[2]/span[1]/img[1], using=xpath}]
Capabilities {acceptInsecureCerts: false, browserName: chrome, browserVersion: 124.0.6367.208, chrome: {chromedriverVersion: 124.0.6367.207 (a9001a6e39f..., userDataDir: C:\Users\Sairam\AppData\Loc...}, fedcm:accounts: true, goog:chromeOptions: {debuggerAddress: localhost:61992}, networkConnectionEnabled: false, pageLoadStrategy: normal, platformName: windows, proxy: Proxy(), se:cdp: ws://localhost:61992/devtoo..., se:cdpVersion: 124.0.6367.208, setWindowRect: true, strictFileInteractability: false, timeouts: {implicit: 0, pageLoad: 300000, script: 30000}, unhandledPromptBehavior: dismiss and notify, webauthn:extension:credBlob: true, webauthn:extension:largeBlob: true, webauthn:extension:minPinLength: true, webauthn:extension:prf: true, webauthn:virtualAuthenticators: true}
Session ID: a6f30db426527961916d316edca00d24">
      <![CDATA[org.openqa.selenium.NoSuchElementException: no such element: Unable to locate element: {"method":"xpath","selector":"//body/div[@id='__next']/header[@class='MuiPaper-root MuiPaper-elevation MuiPaper-elevation4 MuiAppBar-root MuiAppBar-colorPrimary MuiAppBar-positionFixed mui-fixed css-1g82i9p']/div[@class='MuiContainer-root MuiContainer-maxWidthXl MuiContainer-disableGutters css-1orecca']/div[@class='MuiToolbar-root MuiToolbar-regular css-oxdlem']/div[@class='MuiStack-root css-19diydd']/div[@class='PrivateHiddenCss-root PrivateHiddenCss-mdDown css-9sga2b']/div[@class='MuiStack-root css-e3zn88']/div[2]/div[1]/div[2]/span[1]/img[1]"}
  (Session info: chrome=124.0.6367.208)
For documentation on this error, please visit: https://www.selenium.dev/documentation/webdriver/troubleshooting/errors#no-such-element-exception
Build info: version: '4.21.0', revision: '79ed462ef4'
System info: os.name: 'Windows 10', os.arch: 'amd64', os.version: '10.0', java.version: '17.0.10'
Driver info: org.openqa.selenium.chrome.ChromeDriver
Command: [a6f30db426527961916d316edca00d24, findElement {value=//body/div[@id='__next']/header[@class='MuiPaper-root MuiPaper-elevation MuiPaper-elevation4 MuiAppBar-root MuiAppBar-colorPrimary MuiAppBar-positionFixed mui-fixed css-1g82i9p']/div[@class='MuiContainer-root MuiContainer-maxWidthXl MuiContainer-disableGutters css-1orecca']/div[@class='MuiToolbar-root MuiToolbar-regular css-oxdlem']/div[@class='MuiStack-root css-19diydd']/div[@class='PrivateHiddenCss-root PrivateHiddenCss-mdDown css-9sga2b']/div[@class='MuiStack-root css-e3zn88']/div[2]/div[1]/div[2]/span[1]/img[1], using=xpath}]
Capabilities {acceptInsecureCerts: false, browserName: chrome, browserVersion: 124.0.6367.208, chrome: {chromedriverVersion: 124.0.6367.207 (a9001a6e39f..., userDataDir: C:\Users\Sairam\AppData\Loc...}, fedcm:accounts: true, goog:chromeOptions: {debuggerAddress: localhost:61992}, networkConnectionEnabled: false, pageLoadStrategy: normal, platformName: windows, proxy: Proxy(), se:cdp: ws://localhost:61992/devtoo..., se:cdpVersion: 124.0.6367.208, setWindowRect: true, strictFileInteractability: false, timeouts: {implicit: 0, pageLoad: 300000, script: 30000}, unhandledPromptBehavior: dismiss and notify, webauthn:extension:credBlob: true, webauthn:extension:largeBlob: true, webauthn:extension:minPinLength: true, webauthn:extension:prf: true, webauthn:virtualAuthenticators: true}
Session ID: a6f30db426527961916d316edca00d24
at org.openqa.selenium.remote.ErrorCodec.decode(ErrorCodec.java:167)
at org.openqa.selenium.remote.codec.w3c.W3CHttpResponseCodec.decode(W3CHttpResponseCodec.java:138)
at org.openqa.selenium.remote.codec.w3c.W3CHttpResponseCodec.decode(W3CHttpResponseCodec.java:50)
at org.openqa.selenium.remote.HttpCommandExecutor.execute(HttpCommandExecutor.java:190)
at org.openqa.selenium.remote.service.DriverCommandExecutor.invokeExecute(DriverCommandExecutor.java:216)
at org.openqa.selenium.remote.service.DriverCommandExecutor.execute(DriverCommandExecutor.java:174)
at org.openqa.selenium.remote.RemoteWebDriver.execute(RemoteWebDriver.java:518)
at org.openqa.selenium.remote.ElementLocation$ElementFinder$2.findElement(ElementLocation.java:165)
at org.openqa.selenium.remote.ElementLocation.findElement(ElementLocation.java:59)
at org.openqa.selenium.remote.RemoteWebDriver.findElement(RemoteWebDriver.java:355)
at org.openqa.selenium.remote.RemoteWebDriver.findElement(RemoteWebDriver.java:349)
at Assigement2.webtest1.solution10(webtest1.java:576)
at java.base/java.util.ArrayList.forEach(ArrayList.java:1511)
... Removed 32 stack frames]]>
    </failure>
  </testcase> <!-- solution10 -->
  <testcase classname="Assigement2.webtest1" name="solution11" time="0.023">
    <failure type="org.openqa.selenium.NoSuchElementException" message="no such element: Unable to locate element: {&amp;quot;method&amp;quot;:&amp;quot;xpath&amp;quot;,&amp;quot;selector&amp;quot;:&amp;quot;//body/div[@id=&amp;apos;__next&amp;apos;]/header[@class=&amp;apos;MuiPaper-root MuiPaper-elevation MuiPaper-elevation4 MuiAppBar-root MuiAppBar-colorPrimary MuiAppBar-positionFixed mui-fixed css-1g82i9p&amp;apos;]/div[@class=&amp;apos;MuiContainer-root MuiContainer-maxWidthXl MuiContainer-disableGutters css-1orecca&amp;apos;]/div[@class=&amp;apos;MuiToolbar-root MuiToolbar-regular css-oxdlem&amp;apos;]/div[@class=&amp;apos;MuiStack-root css-19diydd&amp;apos;]/div[@class=&amp;apos;PrivateHiddenCss-root PrivateHiddenCss-mdDown css-9sga2b&amp;apos;]/div[@class=&amp;apos;MuiStack-root css-e3zn88&amp;apos;]/div[2]/div[1]/div[2]/span[1]/img[1]&amp;quot;}
  (Session info: chrome=124.0.6367.208)
For documentation on this error, please visit: https://www.selenium.dev/documentation/webdriver/troubleshooting/errors#no-such-element-exception
Build info: version: &amp;apos;4.21.0&amp;apos;, revision: &amp;apos;79ed462ef4&amp;apos;
System info: os.name: &amp;apos;Windows 10&amp;apos;, os.arch: &amp;apos;amd64&amp;apos;, os.version: &amp;apos;10.0&amp;apos;, java.version: &amp;apos;17.0.10&amp;apos;
Driver info: org.openqa.selenium.chrome.ChromeDriver
Command: [a6f30db426527961916d316edca00d24, findElement {value=//body/div[@id=&amp;apos;__next&amp;apos;]/header[@class=&amp;apos;MuiPaper-root MuiPaper-elevation MuiPaper-elevation4 MuiAppBar-root MuiAppBar-colorPrimary MuiAppBar-positionFixed mui-fixed css-1g82i9p&amp;apos;]/div[@class=&amp;apos;MuiContainer-root MuiContainer-maxWidthXl MuiContainer-disableGutters css-1orecca&amp;apos;]/div[@class=&amp;apos;MuiToolbar-root MuiToolbar-regular css-oxdlem&amp;apos;]/div[@class=&amp;apos;MuiStack-root css-19diydd&amp;apos;]/div[@class=&amp;apos;PrivateHiddenCss-root PrivateHiddenCss-mdDown css-9sga2b&amp;apos;]/div[@class=&amp;apos;MuiStack-root css-e3zn88&amp;apos;]/div[2]/div[1]/div[2]/span[1]/img[1], using=xpath}]
Capabilities {acceptInsecureCerts: false, browserName: chrome, browserVersion: 124.0.6367.208, chrome: {chromedriverVersion: 124.0.6367.207 (a9001a6e39f..., userDataDir: C:\Users\Sairam\AppData\Loc...}, fedcm:accounts: true, goog:chromeOptions: {debuggerAddress: localhost:61992}, networkConnectionEnabled: false, pageLoadStrategy: normal, platformName: windows, proxy: Proxy(), se:cdp: ws://localhost:61992/devtoo..., se:cdpVersion: 124.0.6367.208, setWindowRect: true, strictFileInteractability: false, timeouts: {implicit: 0, pageLoad: 300000, script: 30000}, unhandledPromptBehavior: dismiss and notify, webauthn:extension:credBlob: true, webauthn:extension:largeBlob: true, webauthn:extension:minPinLength: true, webauthn:extension:prf: true, webauthn:virtualAuthenticators: true}
Session ID: a6f30db426527961916d316edca00d24">
      <![CDATA[org.openqa.selenium.NoSuchElementException: no such element: Unable to locate element: {"method":"xpath","selector":"//body/div[@id='__next']/header[@class='MuiPaper-root MuiPaper-elevation MuiPaper-elevation4 MuiAppBar-root MuiAppBar-colorPrimary MuiAppBar-positionFixed mui-fixed css-1g82i9p']/div[@class='MuiContainer-root MuiContainer-maxWidthXl MuiContainer-disableGutters css-1orecca']/div[@class='MuiToolbar-root MuiToolbar-regular css-oxdlem']/div[@class='MuiStack-root css-19diydd']/div[@class='PrivateHiddenCss-root PrivateHiddenCss-mdDown css-9sga2b']/div[@class='MuiStack-root css-e3zn88']/div[2]/div[1]/div[2]/span[1]/img[1]"}
  (Session info: chrome=124.0.6367.208)
For documentation on this error, please visit: https://www.selenium.dev/documentation/webdriver/troubleshooting/errors#no-such-element-exception
Build info: version: '4.21.0', revision: '79ed462ef4'
System info: os.name: 'Windows 10', os.arch: 'amd64', os.version: '10.0', java.version: '17.0.10'
Driver info: org.openqa.selenium.chrome.ChromeDriver
Command: [a6f30db426527961916d316edca00d24, findElement {value=//body/div[@id='__next']/header[@class='MuiPaper-root MuiPaper-elevation MuiPaper-elevation4 MuiAppBar-root MuiAppBar-colorPrimary MuiAppBar-positionFixed mui-fixed css-1g82i9p']/div[@class='MuiContainer-root MuiContainer-maxWidthXl MuiContainer-disableGutters css-1orecca']/div[@class='MuiToolbar-root MuiToolbar-regular css-oxdlem']/div[@class='MuiStack-root css-19diydd']/div[@class='PrivateHiddenCss-root PrivateHiddenCss-mdDown css-9sga2b']/div[@class='MuiStack-root css-e3zn88']/div[2]/div[1]/div[2]/span[1]/img[1], using=xpath}]
Capabilities {acceptInsecureCerts: false, browserName: chrome, browserVersion: 124.0.6367.208, chrome: {chromedriverVersion: 124.0.6367.207 (a9001a6e39f..., userDataDir: C:\Users\Sairam\AppData\Loc...}, fedcm:accounts: true, goog:chromeOptions: {debuggerAddress: localhost:61992}, networkConnectionEnabled: false, pageLoadStrategy: normal, platformName: windows, proxy: Proxy(), se:cdp: ws://localhost:61992/devtoo..., se:cdpVersion: 124.0.6367.208, setWindowRect: true, strictFileInteractability: false, timeouts: {implicit: 0, pageLoad: 300000, script: 30000}, unhandledPromptBehavior: dismiss and notify, webauthn:extension:credBlob: true, webauthn:extension:largeBlob: true, webauthn:extension:minPinLength: true, webauthn:extension:prf: true, webauthn:virtualAuthenticators: true}
Session ID: a6f30db426527961916d316edca00d24
at org.openqa.selenium.remote.ErrorCodec.decode(ErrorCodec.java:167)
at org.openqa.selenium.remote.codec.w3c.W3CHttpResponseCodec.decode(W3CHttpResponseCodec.java:138)
at org.openqa.selenium.remote.codec.w3c.W3CHttpResponseCodec.decode(W3CHttpResponseCodec.java:50)
at org.openqa.selenium.remote.HttpCommandExecutor.execute(HttpCommandExecutor.java:190)
at org.openqa.selenium.remote.service.DriverCommandExecutor.invokeExecute(DriverCommandExecutor.java:216)
at org.openqa.selenium.remote.service.DriverCommandExecutor.execute(DriverCommandExecutor.java:174)
at org.openqa.selenium.remote.RemoteWebDriver.execute(RemoteWebDriver.java:518)
at org.openqa.selenium.remote.ElementLocation$ElementFinder$2.findElement(ElementLocation.java:165)
at org.openqa.selenium.remote.ElementLocation.findElement(ElementLocation.java:59)
at org.openqa.selenium.remote.RemoteWebDriver.findElement(RemoteWebDriver.java:355)
at org.openqa.selenium.remote.RemoteWebDriver.findElement(RemoteWebDriver.java:349)
at Assigement2.webtest1.solution11(webtest1.java:598)
at java.base/java.util.ArrayList.forEach(ArrayList.java:1511)
... Removed 32 stack frames]]>
    </failure>
  </testcase> <!-- solution11 -->
  <testcase classname="Assigement2.webtest1" name="solution2" time="0.025">
    <failure type="org.openqa.selenium.NoSuchElementException" message="no such element: Unable to locate element: {&amp;quot;method&amp;quot;:&amp;quot;xpath&amp;quot;,&amp;quot;selector&amp;quot;:&amp;quot;//body/div[@id=&amp;apos;__next&amp;apos;]/header[@class=&amp;apos;MuiPaper-root MuiPaper-elevation MuiPaper-elevation4 MuiAppBar-root MuiAppBar-colorPrimary MuiAppBar-positionFixed mui-fixed css-1g82i9p&amp;apos;]/div[@class=&amp;apos;MuiContainer-root MuiContainer-maxWidthXl MuiContainer-disableGutters css-1orecca&amp;apos;]/div[@class=&amp;apos;MuiToolbar-root MuiToolbar-regular css-oxdlem&amp;apos;]/div[@class=&amp;apos;MuiStack-root css-19diydd&amp;apos;]/div[@class=&amp;apos;PrivateHiddenCss-root PrivateHiddenCss-mdDown css-9sga2b&amp;apos;]/div[@class=&amp;apos;MuiStack-root css-e3zn88&amp;apos;]/div[2]/div[1]/div[2]/span[1]/img[1]&amp;quot;}
  (Session info: chrome=124.0.6367.208)
For documentation on this error, please visit: https://www.selenium.dev/documentation/webdriver/troubleshooting/errors#no-such-element-exception
Build info: version: &amp;apos;4.21.0&amp;apos;, revision: &amp;apos;79ed462ef4&amp;apos;
System info: os.name: &amp;apos;Windows 10&amp;apos;, os.arch: &amp;apos;amd64&amp;apos;, os.version: &amp;apos;10.0&amp;apos;, java.version: &amp;apos;17.0.10&amp;apos;
Driver info: org.openqa.selenium.chrome.ChromeDriver
Command: [a6f30db426527961916d316edca00d24, findElement {value=//body/div[@id=&amp;apos;__next&amp;apos;]/header[@class=&amp;apos;MuiPaper-root MuiPaper-elevation MuiPaper-elevation4 MuiAppBar-root MuiAppBar-colorPrimary MuiAppBar-positionFixed mui-fixed css-1g82i9p&amp;apos;]/div[@class=&amp;apos;MuiContainer-root MuiContainer-maxWidthXl MuiContainer-disableGutters css-1orecca&amp;apos;]/div[@class=&amp;apos;MuiToolbar-root MuiToolbar-regular css-oxdlem&amp;apos;]/div[@class=&amp;apos;MuiStack-root css-19diydd&amp;apos;]/div[@class=&amp;apos;PrivateHiddenCss-root PrivateHiddenCss-mdDown css-9sga2b&amp;apos;]/div[@class=&amp;apos;MuiStack-root css-e3zn88&amp;apos;]/div[2]/div[1]/div[2]/span[1]/img[1], using=xpath}]
Capabilities {acceptInsecureCerts: false, browserName: chrome, browserVersion: 124.0.6367.208, chrome: {chromedriverVersion: 124.0.6367.207 (a9001a6e39f..., userDataDir: C:\Users\Sairam\AppData\Loc...}, fedcm:accounts: true, goog:chromeOptions: {debuggerAddress: localhost:61992}, networkConnectionEnabled: false, pageLoadStrategy: normal, platformName: windows, proxy: Proxy(), se:cdp: ws://localhost:61992/devtoo..., se:cdpVersion: 124.0.6367.208, setWindowRect: true, strictFileInteractability: false, timeouts: {implicit: 0, pageLoad: 300000, script: 30000}, unhandledPromptBehavior: dismiss and notify, webauthn:extension:credBlob: true, webauthn:extension:largeBlob: true, webauthn:extension:minPinLength: true, webauthn:extension:prf: true, webauthn:virtualAuthenticators: true}
Session ID: a6f30db426527961916d316edca00d24">
      <![CDATA[org.openqa.selenium.NoSuchElementException: no such element: Unable to locate element: {"method":"xpath","selector":"//body/div[@id='__next']/header[@class='MuiPaper-root MuiPaper-elevation MuiPaper-elevation4 MuiAppBar-root MuiAppBar-colorPrimary MuiAppBar-positionFixed mui-fixed css-1g82i9p']/div[@class='MuiContainer-root MuiContainer-maxWidthXl MuiContainer-disableGutters css-1orecca']/div[@class='MuiToolbar-root MuiToolbar-regular css-oxdlem']/div[@class='MuiStack-root css-19diydd']/div[@class='PrivateHiddenCss-root PrivateHiddenCss-mdDown css-9sga2b']/div[@class='MuiStack-root css-e3zn88']/div[2]/div[1]/div[2]/span[1]/img[1]"}
  (Session info: chrome=124.0.6367.208)
For documentation on this error, please visit: https://www.selenium.dev/documentation/webdriver/troubleshooting/errors#no-such-element-exception
Build info: version: '4.21.0', revision: '79ed462ef4'
System info: os.name: 'Windows 10', os.arch: 'amd64', os.version: '10.0', java.version: '17.0.10'
Driver info: org.openqa.selenium.chrome.ChromeDriver
Command: [a6f30db426527961916d316edca00d24, findElement {value=//body/div[@id='__next']/header[@class='MuiPaper-root MuiPaper-elevation MuiPaper-elevation4 MuiAppBar-root MuiAppBar-colorPrimary MuiAppBar-positionFixed mui-fixed css-1g82i9p']/div[@class='MuiContainer-root MuiContainer-maxWidthXl MuiContainer-disableGutters css-1orecca']/div[@class='MuiToolbar-root MuiToolbar-regular css-oxdlem']/div[@class='MuiStack-root css-19diydd']/div[@class='PrivateHiddenCss-root PrivateHiddenCss-mdDown css-9sga2b']/div[@class='MuiStack-root css-e3zn88']/div[2]/div[1]/div[2]/span[1]/img[1], using=xpath}]
Capabilities {acceptInsecureCerts: false, browserName: chrome, browserVersion: 124.0.6367.208, chrome: {chromedriverVersion: 124.0.6367.207 (a9001a6e39f..., userDataDir: C:\Users\Sairam\AppData\Loc...}, fedcm:accounts: true, goog:chromeOptions: {debuggerAddress: localhost:61992}, networkConnectionEnabled: false, pageLoadStrategy: normal, platformName: windows, proxy: Proxy(), se:cdp: ws://localhost:61992/devtoo..., se:cdpVersion: 124.0.6367.208, setWindowRect: true, strictFileInteractability: false, timeouts: {implicit: 0, pageLoad: 300000, script: 30000}, unhandledPromptBehavior: dismiss and notify, webauthn:extension:credBlob: true, webauthn:extension:largeBlob: true, webauthn:extension:minPinLength: true, webauthn:extension:prf: true, webauthn:virtualAuthenticators: true}
Session ID: a6f30db426527961916d316edca00d24
at org.openqa.selenium.remote.ErrorCodec.decode(ErrorCodec.java:167)
at org.openqa.selenium.remote.codec.w3c.W3CHttpResponseCodec.decode(W3CHttpResponseCodec.java:138)
at org.openqa.selenium.remote.codec.w3c.W3CHttpResponseCodec.decode(W3CHttpResponseCodec.java:50)
at org.openqa.selenium.remote.HttpCommandExecutor.execute(HttpCommandExecutor.java:190)
at org.openqa.selenium.remote.service.DriverCommandExecutor.invokeExecute(DriverCommandExecutor.java:216)
at org.openqa.selenium.remote.service.DriverCommandExecutor.execute(DriverCommandExecutor.java:174)
at org.openqa.selenium.remote.RemoteWebDriver.execute(RemoteWebDriver.java:518)
at org.openqa.selenium.remote.ElementLocation$ElementFinder$2.findElement(ElementLocation.java:165)
at org.openqa.selenium.remote.ElementLocation.findElement(ElementLocation.java:59)
at org.openqa.selenium.remote.RemoteWebDriver.findElement(RemoteWebDriver.java:355)
at org.openqa.selenium.remote.RemoteWebDriver.findElement(RemoteWebDriver.java:349)
at Assigement2.webtest1.solution2(webtest1.java:391)
at java.base/java.util.ArrayList.forEach(ArrayList.java:1511)
... Removed 32 stack frames]]>
    </failure>
  </testcase> <!-- solution2 -->
  <testcase classname="Assigement2.webtest1" name="solution3" time="0.029">
    <failure type="org.openqa.selenium.NoSuchElementException" message="no such element: Unable to locate element: {&amp;quot;method&amp;quot;:&amp;quot;xpath&amp;quot;,&amp;quot;selector&amp;quot;:&amp;quot;//body/div[@id=&amp;apos;__next&amp;apos;]/header[@class=&amp;apos;MuiPaper-root MuiPaper-elevation MuiPaper-elevation4 MuiAppBar-root MuiAppBar-colorPrimary MuiAppBar-positionFixed mui-fixed css-1g82i9p&amp;apos;]/div[@class=&amp;apos;MuiContainer-root MuiContainer-maxWidthXl MuiContainer-disableGutters css-1orecca&amp;apos;]/div[@class=&amp;apos;MuiToolbar-root MuiToolbar-regular css-oxdlem&amp;apos;]/div[@class=&amp;apos;MuiStack-root css-19diydd&amp;apos;]/div[@class=&amp;apos;PrivateHiddenCss-root PrivateHiddenCss-mdDown css-9sga2b&amp;apos;]/div[@class=&amp;apos;MuiStack-root css-e3zn88&amp;apos;]/div[2]/div[1]/div[2]/span[1]/img[1]&amp;quot;}
  (Session info: chrome=124.0.6367.208)
For documentation on this error, please visit: https://www.selenium.dev/documentation/webdriver/troubleshooting/errors#no-such-element-exception
Build info: version: &amp;apos;4.21.0&amp;apos;, revision: &amp;apos;79ed462ef4&amp;apos;
System info: os.name: &amp;apos;Windows 10&amp;apos;, os.arch: &amp;apos;amd64&amp;apos;, os.version: &amp;apos;10.0&amp;apos;, java.version: &amp;apos;17.0.10&amp;apos;
Driver info: org.openqa.selenium.chrome.ChromeDriver
Command: [a6f30db426527961916d316edca00d24, findElement {value=//body/div[@id=&amp;apos;__next&amp;apos;]/header[@class=&amp;apos;MuiPaper-root MuiPaper-elevation MuiPaper-elevation4 MuiAppBar-root MuiAppBar-colorPrimary MuiAppBar-positionFixed mui-fixed css-1g82i9p&amp;apos;]/div[@class=&amp;apos;MuiContainer-root MuiContainer-maxWidthXl MuiContainer-disableGutters css-1orecca&amp;apos;]/div[@class=&amp;apos;MuiToolbar-root MuiToolbar-regular css-oxdlem&amp;apos;]/div[@class=&amp;apos;MuiStack-root css-19diydd&amp;apos;]/div[@class=&amp;apos;PrivateHiddenCss-root PrivateHiddenCss-mdDown css-9sga2b&amp;apos;]/div[@class=&amp;apos;MuiStack-root css-e3zn88&amp;apos;]/div[2]/div[1]/div[2]/span[1]/img[1], using=xpath}]
Capabilities {acceptInsecureCerts: false, browserName: chrome, browserVersion: 124.0.6367.208, chrome: {chromedriverVersion: 124.0.6367.207 (a9001a6e39f..., userDataDir: C:\Users\Sairam\AppData\Loc...}, fedcm:accounts: true, goog:chromeOptions: {debuggerAddress: localhost:61992}, networkConnectionEnabled: false, pageLoadStrategy: normal, platformName: windows, proxy: Proxy(), se:cdp: ws://localhost:61992/devtoo..., se:cdpVersion: 124.0.6367.208, setWindowRect: true, strictFileInteractability: false, timeouts: {implicit: 0, pageLoad: 300000, script: 30000}, unhandledPromptBehavior: dismiss and notify, webauthn:extension:credBlob: true, webauthn:extension:largeBlob: true, webauthn:extension:minPinLength: true, webauthn:extension:prf: true, webauthn:virtualAuthenticators: true}
Session ID: a6f30db426527961916d316edca00d24">
      <![CDATA[org.openqa.selenium.NoSuchElementException: no such element: Unable to locate element: {"method":"xpath","selector":"//body/div[@id='__next']/header[@class='MuiPaper-root MuiPaper-elevation MuiPaper-elevation4 MuiAppBar-root MuiAppBar-colorPrimary MuiAppBar-positionFixed mui-fixed css-1g82i9p']/div[@class='MuiContainer-root MuiContainer-maxWidthXl MuiContainer-disableGutters css-1orecca']/div[@class='MuiToolbar-root MuiToolbar-regular css-oxdlem']/div[@class='MuiStack-root css-19diydd']/div[@class='PrivateHiddenCss-root PrivateHiddenCss-mdDown css-9sga2b']/div[@class='MuiStack-root css-e3zn88']/div[2]/div[1]/div[2]/span[1]/img[1]"}
  (Session info: chrome=124.0.6367.208)
For documentation on this error, please visit: https://www.selenium.dev/documentation/webdriver/troubleshooting/errors#no-such-element-exception
Build info: version: '4.21.0', revision: '79ed462ef4'
System info: os.name: 'Windows 10', os.arch: 'amd64', os.version: '10.0', java.version: '17.0.10'
Driver info: org.openqa.selenium.chrome.ChromeDriver
Command: [a6f30db426527961916d316edca00d24, findElement {value=//body/div[@id='__next']/header[@class='MuiPaper-root MuiPaper-elevation MuiPaper-elevation4 MuiAppBar-root MuiAppBar-colorPrimary MuiAppBar-positionFixed mui-fixed css-1g82i9p']/div[@class='MuiContainer-root MuiContainer-maxWidthXl MuiContainer-disableGutters css-1orecca']/div[@class='MuiToolbar-root MuiToolbar-regular css-oxdlem']/div[@class='MuiStack-root css-19diydd']/div[@class='PrivateHiddenCss-root PrivateHiddenCss-mdDown css-9sga2b']/div[@class='MuiStack-root css-e3zn88']/div[2]/div[1]/div[2]/span[1]/img[1], using=xpath}]
Capabilities {acceptInsecureCerts: false, browserName: chrome, browserVersion: 124.0.6367.208, chrome: {chromedriverVersion: 124.0.6367.207 (a9001a6e39f..., userDataDir: C:\Users\Sairam\AppData\Loc...}, fedcm:accounts: true, goog:chromeOptions: {debuggerAddress: localhost:61992}, networkConnectionEnabled: false, pageLoadStrategy: normal, platformName: windows, proxy: Proxy(), se:cdp: ws://localhost:61992/devtoo..., se:cdpVersion: 124.0.6367.208, setWindowRect: true, strictFileInteractability: false, timeouts: {implicit: 0, pageLoad: 300000, script: 30000}, unhandledPromptBehavior: dismiss and notify, webauthn:extension:credBlob: true, webauthn:extension:largeBlob: true, webauthn:extension:minPinLength: true, webauthn:extension:prf: true, webauthn:virtualAuthenticators: true}
Session ID: a6f30db426527961916d316edca00d24
at org.openqa.selenium.remote.ErrorCodec.decode(ErrorCodec.java:167)
at org.openqa.selenium.remote.codec.w3c.W3CHttpResponseCodec.decode(W3CHttpResponseCodec.java:138)
at org.openqa.selenium.remote.codec.w3c.W3CHttpResponseCodec.decode(W3CHttpResponseCodec.java:50)
at org.openqa.selenium.remote.HttpCommandExecutor.execute(HttpCommandExecutor.java:190)
at org.openqa.selenium.remote.service.DriverCommandExecutor.invokeExecute(DriverCommandExecutor.java:216)
at org.openqa.selenium.remote.service.DriverCommandExecutor.execute(DriverCommandExecutor.java:174)
at org.openqa.selenium.remote.RemoteWebDriver.execute(RemoteWebDriver.java:518)
at org.openqa.selenium.remote.ElementLocation$ElementFinder$2.findElement(ElementLocation.java:165)
at org.openqa.selenium.remote.ElementLocation.findElement(ElementLocation.java:59)
at org.openqa.selenium.remote.RemoteWebDriver.findElement(RemoteWebDriver.java:355)
at org.openqa.selenium.remote.RemoteWebDriver.findElement(RemoteWebDriver.java:349)
at Assigement2.webtest1.solution3(webtest1.java:414)
at java.base/java.util.ArrayList.forEach(ArrayList.java:1511)
... Removed 32 stack frames]]>
    </failure>
  </testcase> <!-- solution3 -->
  <testcase classname="Assigement2.webtest1" name="solution4" time="0.024">
    <failure type="org.openqa.selenium.NoSuchElementException" message="no such element: Unable to locate element: {&amp;quot;method&amp;quot;:&amp;quot;xpath&amp;quot;,&amp;quot;selector&amp;quot;:&amp;quot;//body/div[@id=&amp;apos;__next&amp;apos;]/header[@class=&amp;apos;MuiPaper-root MuiPaper-elevation MuiPaper-elevation4 MuiAppBar-root MuiAppBar-colorPrimary MuiAppBar-positionFixed mui-fixed css-1g82i9p&amp;apos;]/div[@class=&amp;apos;MuiContainer-root MuiContainer-maxWidthXl MuiContainer-disableGutters css-1orecca&amp;apos;]/div[@class=&amp;apos;MuiToolbar-root MuiToolbar-regular css-oxdlem&amp;apos;]/div[@class=&amp;apos;MuiStack-root css-19diydd&amp;apos;]/div[@class=&amp;apos;PrivateHiddenCss-root PrivateHiddenCss-mdDown css-9sga2b&amp;apos;]/div[@class=&amp;apos;MuiStack-root css-e3zn88&amp;apos;]/div[2]/div[1]/div[2]/span[1]/img[1]&amp;quot;}
  (Session info: chrome=124.0.6367.208)
For documentation on this error, please visit: https://www.selenium.dev/documentation/webdriver/troubleshooting/errors#no-such-element-exception
Build info: version: &amp;apos;4.21.0&amp;apos;, revision: &amp;apos;79ed462ef4&amp;apos;
System info: os.name: &amp;apos;Windows 10&amp;apos;, os.arch: &amp;apos;amd64&amp;apos;, os.version: &amp;apos;10.0&amp;apos;, java.version: &amp;apos;17.0.10&amp;apos;
Driver info: org.openqa.selenium.chrome.ChromeDriver
Command: [a6f30db426527961916d316edca00d24, findElement {value=//body/div[@id=&amp;apos;__next&amp;apos;]/header[@class=&amp;apos;MuiPaper-root MuiPaper-elevation MuiPaper-elevation4 MuiAppBar-root MuiAppBar-colorPrimary MuiAppBar-positionFixed mui-fixed css-1g82i9p&amp;apos;]/div[@class=&amp;apos;MuiContainer-root MuiContainer-maxWidthXl MuiContainer-disableGutters css-1orecca&amp;apos;]/div[@class=&amp;apos;MuiToolbar-root MuiToolbar-regular css-oxdlem&amp;apos;]/div[@class=&amp;apos;MuiStack-root css-19diydd&amp;apos;]/div[@class=&amp;apos;PrivateHiddenCss-root PrivateHiddenCss-mdDown css-9sga2b&amp;apos;]/div[@class=&amp;apos;MuiStack-root css-e3zn88&amp;apos;]/div[2]/div[1]/div[2]/span[1]/img[1], using=xpath}]
Capabilities {acceptInsecureCerts: false, browserName: chrome, browserVersion: 124.0.6367.208, chrome: {chromedriverVersion: 124.0.6367.207 (a9001a6e39f..., userDataDir: C:\Users\Sairam\AppData\Loc...}, fedcm:accounts: true, goog:chromeOptions: {debuggerAddress: localhost:61992}, networkConnectionEnabled: false, pageLoadStrategy: normal, platformName: windows, proxy: Proxy(), se:cdp: ws://localhost:61992/devtoo..., se:cdpVersion: 124.0.6367.208, setWindowRect: true, strictFileInteractability: false, timeouts: {implicit: 0, pageLoad: 300000, script: 30000}, unhandledPromptBehavior: dismiss and notify, webauthn:extension:credBlob: true, webauthn:extension:largeBlob: true, webauthn:extension:minPinLength: true, webauthn:extension:prf: true, webauthn:virtualAuthenticators: true}
Session ID: a6f30db426527961916d316edca00d24">
      <![CDATA[org.openqa.selenium.NoSuchElementException: no such element: Unable to locate element: {"method":"xpath","selector":"//body/div[@id='__next']/header[@class='MuiPaper-root MuiPaper-elevation MuiPaper-elevation4 MuiAppBar-root MuiAppBar-colorPrimary MuiAppBar-positionFixed mui-fixed css-1g82i9p']/div[@class='MuiContainer-root MuiContainer-maxWidthXl MuiContainer-disableGutters css-1orecca']/div[@class='MuiToolbar-root MuiToolbar-regular css-oxdlem']/div[@class='MuiStack-root css-19diydd']/div[@class='PrivateHiddenCss-root PrivateHiddenCss-mdDown css-9sga2b']/div[@class='MuiStack-root css-e3zn88']/div[2]/div[1]/div[2]/span[1]/img[1]"}
  (Session info: chrome=124.0.6367.208)
For documentation on this error, please visit: https://www.selenium.dev/documentation/webdriver/troubleshooting/errors#no-such-element-exception
Build info: version: '4.21.0', revision: '79ed462ef4'
System info: os.name: 'Windows 10', os.arch: 'amd64', os.version: '10.0', java.version: '17.0.10'
Driver info: org.openqa.selenium.chrome.ChromeDriver
Command: [a6f30db426527961916d316edca00d24, findElement {value=//body/div[@id='__next']/header[@class='MuiPaper-root MuiPaper-elevation MuiPaper-elevation4 MuiAppBar-root MuiAppBar-colorPrimary MuiAppBar-positionFixed mui-fixed css-1g82i9p']/div[@class='MuiContainer-root MuiContainer-maxWidthXl MuiContainer-disableGutters css-1orecca']/div[@class='MuiToolbar-root MuiToolbar-regular css-oxdlem']/div[@class='MuiStack-root css-19diydd']/div[@class='PrivateHiddenCss-root PrivateHiddenCss-mdDown css-9sga2b']/div[@class='MuiStack-root css-e3zn88']/div[2]/div[1]/div[2]/span[1]/img[1], using=xpath}]
Capabilities {acceptInsecureCerts: false, browserName: chrome, browserVersion: 124.0.6367.208, chrome: {chromedriverVersion: 124.0.6367.207 (a9001a6e39f..., userDataDir: C:\Users\Sairam\AppData\Loc...}, fedcm:accounts: true, goog:chromeOptions: {debuggerAddress: localhost:61992}, networkConnectionEnabled: false, pageLoadStrategy: normal, platformName: windows, proxy: Proxy(), se:cdp: ws://localhost:61992/devtoo..., se:cdpVersion: 124.0.6367.208, setWindowRect: true, strictFileInteractability: false, timeouts: {implicit: 0, pageLoad: 300000, script: 30000}, unhandledPromptBehavior: dismiss and notify, webauthn:extension:credBlob: true, webauthn:extension:largeBlob: true, webauthn:extension:minPinLength: true, webauthn:extension:prf: true, webauthn:virtualAuthenticators: true}
Session ID: a6f30db426527961916d316edca00d24
at org.openqa.selenium.remote.ErrorCodec.decode(ErrorCodec.java:167)
at org.openqa.selenium.remote.codec.w3c.W3CHttpResponseCodec.decode(W3CHttpResponseCodec.java:138)
at org.openqa.selenium.remote.codec.w3c.W3CHttpResponseCodec.decode(W3CHttpResponseCodec.java:50)
at org.openqa.selenium.remote.HttpCommandExecutor.execute(HttpCommandExecutor.java:190)
at org.openqa.selenium.remote.service.DriverCommandExecutor.invokeExecute(DriverCommandExecutor.java:216)
at org.openqa.selenium.remote.service.DriverCommandExecutor.execute(DriverCommandExecutor.java:174)
at org.openqa.selenium.remote.RemoteWebDriver.execute(RemoteWebDriver.java:518)
at org.openqa.selenium.remote.ElementLocation$ElementFinder$2.findElement(ElementLocation.java:165)
at org.openqa.selenium.remote.ElementLocation.findElement(ElementLocation.java:59)
at org.openqa.selenium.remote.RemoteWebDriver.findElement(RemoteWebDriver.java:355)
at org.openqa.selenium.remote.RemoteWebDriver.findElement(RemoteWebDriver.java:349)
at Assigement2.webtest1.solution4(webtest1.java:437)
at java.base/java.util.ArrayList.forEach(ArrayList.java:1511)
... Removed 32 stack frames]]>
    </failure>
  </testcase> <!-- solution4 -->
  <testcase classname="Assigement2.webtest1" name="solution5" time="0.023">
    <failure type="org.openqa.selenium.NoSuchElementException" message="no such element: Unable to locate element: {&amp;quot;method&amp;quot;:&amp;quot;xpath&amp;quot;,&amp;quot;selector&amp;quot;:&amp;quot;//body/div[@id=&amp;apos;__next&amp;apos;]/header[@class=&amp;apos;MuiPaper-root MuiPaper-elevation MuiPaper-elevation4 MuiAppBar-root MuiAppBar-colorPrimary MuiAppBar-positionFixed mui-fixed css-1g82i9p&amp;apos;]/div[@class=&amp;apos;MuiContainer-root MuiContainer-maxWidthXl MuiContainer-disableGutters css-1orecca&amp;apos;]/div[@class=&amp;apos;MuiToolbar-root MuiToolbar-regular css-oxdlem&amp;apos;]/div[@class=&amp;apos;MuiStack-root css-19diydd&amp;apos;]/div[@class=&amp;apos;PrivateHiddenCss-root PrivateHiddenCss-mdDown css-9sga2b&amp;apos;]/div[@class=&amp;apos;MuiStack-root css-e3zn88&amp;apos;]/div[2]/div[1]/div[2]/span[1]/img[1]&amp;quot;}
  (Session info: chrome=124.0.6367.208)
For documentation on this error, please visit: https://www.selenium.dev/documentation/webdriver/troubleshooting/errors#no-such-element-exception
Build info: version: &amp;apos;4.21.0&amp;apos;, revision: &amp;apos;79ed462ef4&amp;apos;
System info: os.name: &amp;apos;Windows 10&amp;apos;, os.arch: &amp;apos;amd64&amp;apos;, os.version: &amp;apos;10.0&amp;apos;, java.version: &amp;apos;17.0.10&amp;apos;
Driver info: org.openqa.selenium.chrome.ChromeDriver
Command: [a6f30db426527961916d316edca00d24, findElement {value=//body/div[@id=&amp;apos;__next&amp;apos;]/header[@class=&amp;apos;MuiPaper-root MuiPaper-elevation MuiPaper-elevation4 MuiAppBar-root MuiAppBar-colorPrimary MuiAppBar-positionFixed mui-fixed css-1g82i9p&amp;apos;]/div[@class=&amp;apos;MuiContainer-root MuiContainer-maxWidthXl MuiContainer-disableGutters css-1orecca&amp;apos;]/div[@class=&amp;apos;MuiToolbar-root MuiToolbar-regular css-oxdlem&amp;apos;]/div[@class=&amp;apos;MuiStack-root css-19diydd&amp;apos;]/div[@class=&amp;apos;PrivateHiddenCss-root PrivateHiddenCss-mdDown css-9sga2b&amp;apos;]/div[@class=&amp;apos;MuiStack-root css-e3zn88&amp;apos;]/div[2]/div[1]/div[2]/span[1]/img[1], using=xpath}]
Capabilities {acceptInsecureCerts: false, browserName: chrome, browserVersion: 124.0.6367.208, chrome: {chromedriverVersion: 124.0.6367.207 (a9001a6e39f..., userDataDir: C:\Users\Sairam\AppData\Loc...}, fedcm:accounts: true, goog:chromeOptions: {debuggerAddress: localhost:61992}, networkConnectionEnabled: false, pageLoadStrategy: normal, platformName: windows, proxy: Proxy(), se:cdp: ws://localhost:61992/devtoo..., se:cdpVersion: 124.0.6367.208, setWindowRect: true, strictFileInteractability: false, timeouts: {implicit: 0, pageLoad: 300000, script: 30000}, unhandledPromptBehavior: dismiss and notify, webauthn:extension:credBlob: true, webauthn:extension:largeBlob: true, webauthn:extension:minPinLength: true, webauthn:extension:prf: true, webauthn:virtualAuthenticators: true}
Session ID: a6f30db426527961916d316edca00d24">
      <![CDATA[org.openqa.selenium.NoSuchElementException: no such element: Unable to locate element: {"method":"xpath","selector":"//body/div[@id='__next']/header[@class='MuiPaper-root MuiPaper-elevation MuiPaper-elevation4 MuiAppBar-root MuiAppBar-colorPrimary MuiAppBar-positionFixed mui-fixed css-1g82i9p']/div[@class='MuiContainer-root MuiContainer-maxWidthXl MuiContainer-disableGutters css-1orecca']/div[@class='MuiToolbar-root MuiToolbar-regular css-oxdlem']/div[@class='MuiStack-root css-19diydd']/div[@class='PrivateHiddenCss-root PrivateHiddenCss-mdDown css-9sga2b']/div[@class='MuiStack-root css-e3zn88']/div[2]/div[1]/div[2]/span[1]/img[1]"}
  (Session info: chrome=124.0.6367.208)
For documentation on this error, please visit: https://www.selenium.dev/documentation/webdriver/troubleshooting/errors#no-such-element-exception
Build info: version: '4.21.0', revision: '79ed462ef4'
System info: os.name: 'Windows 10', os.arch: 'amd64', os.version: '10.0', java.version: '17.0.10'
Driver info: org.openqa.selenium.chrome.ChromeDriver
Command: [a6f30db426527961916d316edca00d24, findElement {value=//body/div[@id='__next']/header[@class='MuiPaper-root MuiPaper-elevation MuiPaper-elevation4 MuiAppBar-root MuiAppBar-colorPrimary MuiAppBar-positionFixed mui-fixed css-1g82i9p']/div[@class='MuiContainer-root MuiContainer-maxWidthXl MuiContainer-disableGutters css-1orecca']/div[@class='MuiToolbar-root MuiToolbar-regular css-oxdlem']/div[@class='MuiStack-root css-19diydd']/div[@class='PrivateHiddenCss-root PrivateHiddenCss-mdDown css-9sga2b']/div[@class='MuiStack-root css-e3zn88']/div[2]/div[1]/div[2]/span[1]/img[1], using=xpath}]
Capabilities {acceptInsecureCerts: false, browserName: chrome, browserVersion: 124.0.6367.208, chrome: {chromedriverVersion: 124.0.6367.207 (a9001a6e39f..., userDataDir: C:\Users\Sairam\AppData\Loc...}, fedcm:accounts: true, goog:chromeOptions: {debuggerAddress: localhost:61992}, networkConnectionEnabled: false, pageLoadStrategy: normal, platformName: windows, proxy: Proxy(), se:cdp: ws://localhost:61992/devtoo..., se:cdpVersion: 124.0.6367.208, setWindowRect: true, strictFileInteractability: false, timeouts: {implicit: 0, pageLoad: 300000, script: 30000}, unhandledPromptBehavior: dismiss and notify, webauthn:extension:credBlob: true, webauthn:extension:largeBlob: true, webauthn:extension:minPinLength: true, webauthn:extension:prf: true, webauthn:virtualAuthenticators: true}
Session ID: a6f30db426527961916d316edca00d24
at org.openqa.selenium.remote.ErrorCodec.decode(ErrorCodec.java:167)
at org.openqa.selenium.remote.codec.w3c.W3CHttpResponseCodec.decode(W3CHttpResponseCodec.java:138)
at org.openqa.selenium.remote.codec.w3c.W3CHttpResponseCodec.decode(W3CHttpResponseCodec.java:50)
at org.openqa.selenium.remote.HttpCommandExecutor.execute(HttpCommandExecutor.java:190)
at org.openqa.selenium.remote.service.DriverCommandExecutor.invokeExecute(DriverCommandExecutor.java:216)
at org.openqa.selenium.remote.service.DriverCommandExecutor.execute(DriverCommandExecutor.java:174)
at org.openqa.selenium.remote.RemoteWebDriver.execute(RemoteWebDriver.java:518)
at org.openqa.selenium.remote.ElementLocation$ElementFinder$2.findElement(ElementLocation.java:165)
at org.openqa.selenium.remote.ElementLocation.findElement(ElementLocation.java:59)
at org.openqa.selenium.remote.RemoteWebDriver.findElement(RemoteWebDriver.java:355)
at org.openqa.selenium.remote.RemoteWebDriver.findElement(RemoteWebDriver.java:349)
at Assigement2.webtest1.solution5(webtest1.java:460)
at java.base/java.util.ArrayList.forEach(ArrayList.java:1511)
... Removed 32 stack frames]]>
    </failure>
  </testcase> <!-- solution5 -->
  <testcase classname="Assigement2.webtest1" name="solution6" time="0.019">
    <failure type="org.openqa.selenium.NoSuchElementException" message="no such element: Unable to locate element: {&amp;quot;method&amp;quot;:&amp;quot;xpath&amp;quot;,&amp;quot;selector&amp;quot;:&amp;quot;//body/div[@id=&amp;apos;__next&amp;apos;]/header[@class=&amp;apos;MuiPaper-root MuiPaper-elevation MuiPaper-elevation4 MuiAppBar-root MuiAppBar-colorPrimary MuiAppBar-positionFixed mui-fixed css-1g82i9p&amp;apos;]/div[@class=&amp;apos;MuiContainer-root MuiContainer-maxWidthXl MuiContainer-disableGutters css-1orecca&amp;apos;]/div[@class=&amp;apos;MuiToolbar-root MuiToolbar-regular css-oxdlem&amp;apos;]/div[@class=&amp;apos;MuiStack-root css-19diydd&amp;apos;]/div[@class=&amp;apos;PrivateHiddenCss-root PrivateHiddenCss-mdDown css-9sga2b&amp;apos;]/div[@class=&amp;apos;MuiStack-root css-e3zn88&amp;apos;]/div[2]/div[1]/div[2]/span[1]/img[1]&amp;quot;}
  (Session info: chrome=124.0.6367.208)
For documentation on this error, please visit: https://www.selenium.dev/documentation/webdriver/troubleshooting/errors#no-such-element-exception
Build info: version: &amp;apos;4.21.0&amp;apos;, revision: &amp;apos;79ed462ef4&amp;apos;
System info: os.name: &amp;apos;Windows 10&amp;apos;, os.arch: &amp;apos;amd64&amp;apos;, os.version: &amp;apos;10.0&amp;apos;, java.version: &amp;apos;17.0.10&amp;apos;
Driver info: org.openqa.selenium.chrome.ChromeDriver
Command: [a6f30db426527961916d316edca00d24, findElement {value=//body/div[@id=&amp;apos;__next&amp;apos;]/header[@class=&amp;apos;MuiPaper-root MuiPaper-elevation MuiPaper-elevation4 MuiAppBar-root MuiAppBar-colorPrimary MuiAppBar-positionFixed mui-fixed css-1g82i9p&amp;apos;]/div[@class=&amp;apos;MuiContainer-root MuiContainer-maxWidthXl MuiContainer-disableGutters css-1orecca&amp;apos;]/div[@class=&amp;apos;MuiToolbar-root MuiToolbar-regular css-oxdlem&amp;apos;]/div[@class=&amp;apos;MuiStack-root css-19diydd&amp;apos;]/div[@class=&amp;apos;PrivateHiddenCss-root PrivateHiddenCss-mdDown css-9sga2b&amp;apos;]/div[@class=&amp;apos;MuiStack-root css-e3zn88&amp;apos;]/div[2]/div[1]/div[2]/span[1]/img[1], using=xpath}]
Capabilities {acceptInsecureCerts: false, browserName: chrome, browserVersion: 124.0.6367.208, chrome: {chromedriverVersion: 124.0.6367.207 (a9001a6e39f..., userDataDir: C:\Users\Sairam\AppData\Loc...}, fedcm:accounts: true, goog:chromeOptions: {debuggerAddress: localhost:61992}, networkConnectionEnabled: false, pageLoadStrategy: normal, platformName: windows, proxy: Proxy(), se:cdp: ws://localhost:61992/devtoo..., se:cdpVersion: 124.0.6367.208, setWindowRect: true, strictFileInteractability: false, timeouts: {implicit: 0, pageLoad: 300000, script: 30000}, unhandledPromptBehavior: dismiss and notify, webauthn:extension:credBlob: true, webauthn:extension:largeBlob: true, webauthn:extension:minPinLength: true, webauthn:extension:prf: true, webauthn:virtualAuthenticators: true}
Session ID: a6f30db426527961916d316edca00d24">
      <![CDATA[org.openqa.selenium.NoSuchElementException: no such element: Unable to locate element: {"method":"xpath","selector":"//body/div[@id='__next']/header[@class='MuiPaper-root MuiPaper-elevation MuiPaper-elevation4 MuiAppBar-root MuiAppBar-colorPrimary MuiAppBar-positionFixed mui-fixed css-1g82i9p']/div[@class='MuiContainer-root MuiContainer-maxWidthXl MuiContainer-disableGutters css-1orecca']/div[@class='MuiToolbar-root MuiToolbar-regular css-oxdlem']/div[@class='MuiStack-root css-19diydd']/div[@class='PrivateHiddenCss-root PrivateHiddenCss-mdDown css-9sga2b']/div[@class='MuiStack-root css-e3zn88']/div[2]/div[1]/div[2]/span[1]/img[1]"}
  (Session info: chrome=124.0.6367.208)
For documentation on this error, please visit: https://www.selenium.dev/documentation/webdriver/troubleshooting/errors#no-such-element-exception
Build info: version: '4.21.0', revision: '79ed462ef4'
System info: os.name: 'Windows 10', os.arch: 'amd64', os.version: '10.0', java.version: '17.0.10'
Driver info: org.openqa.selenium.chrome.ChromeDriver
Command: [a6f30db426527961916d316edca00d24, findElement {value=//body/div[@id='__next']/header[@class='MuiPaper-root MuiPaper-elevation MuiPaper-elevation4 MuiAppBar-root MuiAppBar-colorPrimary MuiAppBar-positionFixed mui-fixed css-1g82i9p']/div[@class='MuiContainer-root MuiContainer-maxWidthXl MuiContainer-disableGutters css-1orecca']/div[@class='MuiToolbar-root MuiToolbar-regular css-oxdlem']/div[@class='MuiStack-root css-19diydd']/div[@class='PrivateHiddenCss-root PrivateHiddenCss-mdDown css-9sga2b']/div[@class='MuiStack-root css-e3zn88']/div[2]/div[1]/div[2]/span[1]/img[1], using=xpath}]
Capabilities {acceptInsecureCerts: false, browserName: chrome, browserVersion: 124.0.6367.208, chrome: {chromedriverVersion: 124.0.6367.207 (a9001a6e39f..., userDataDir: C:\Users\Sairam\AppData\Loc...}, fedcm:accounts: true, goog:chromeOptions: {debuggerAddress: localhost:61992}, networkConnectionEnabled: false, pageLoadStrategy: normal, platformName: windows, proxy: Proxy(), se:cdp: ws://localhost:61992/devtoo..., se:cdpVersion: 124.0.6367.208, setWindowRect: true, strictFileInteractability: false, timeouts: {implicit: 0, pageLoad: 300000, script: 30000}, unhandledPromptBehavior: dismiss and notify, webauthn:extension:credBlob: true, webauthn:extension:largeBlob: true, webauthn:extension:minPinLength: true, webauthn:extension:prf: true, webauthn:virtualAuthenticators: true}
Session ID: a6f30db426527961916d316edca00d24
at org.openqa.selenium.remote.ErrorCodec.decode(ErrorCodec.java:167)
at org.openqa.selenium.remote.codec.w3c.W3CHttpResponseCodec.decode(W3CHttpResponseCodec.java:138)
at org.openqa.selenium.remote.codec.w3c.W3CHttpResponseCodec.decode(W3CHttpResponseCodec.java:50)
at org.openqa.selenium.remote.HttpCommandExecutor.execute(HttpCommandExecutor.java:190)
at org.openqa.selenium.remote.service.DriverCommandExecutor.invokeExecute(DriverCommandExecutor.java:216)
at org.openqa.selenium.remote.service.DriverCommandExecutor.execute(DriverCommandExecutor.java:174)
at org.openqa.selenium.remote.RemoteWebDriver.execute(RemoteWebDriver.java:518)
at org.openqa.selenium.remote.ElementLocation$ElementFinder$2.findElement(ElementLocation.java:165)
at org.openqa.selenium.remote.ElementLocation.findElement(ElementLocation.java:59)
at org.openqa.selenium.remote.RemoteWebDriver.findElement(RemoteWebDriver.java:355)
at org.openqa.selenium.remote.RemoteWebDriver.findElement(RemoteWebDriver.java:349)
at Assigement2.webtest1.solution6(webtest1.java:486)
at java.base/java.util.ArrayList.forEach(ArrayList.java:1511)
... Removed 32 stack frames]]>
    </failure>
  </testcase> <!-- solution6 -->
  <testcase classname="Assigement2.webtest1" name="solution7" time="0.022">
    <failure type="org.openqa.selenium.NoSuchElementException" message="no such element: Unable to locate element: {&amp;quot;method&amp;quot;:&amp;quot;xpath&amp;quot;,&amp;quot;selector&amp;quot;:&amp;quot;//body/div[@id=&amp;apos;__next&amp;apos;]/header[@class=&amp;apos;MuiPaper-root MuiPaper-elevation MuiPaper-elevation4 MuiAppBar-root MuiAppBar-colorPrimary MuiAppBar-positionFixed mui-fixed css-1g82i9p&amp;apos;]/div[@class=&amp;apos;MuiContainer-root MuiContainer-maxWidthXl MuiContainer-disableGutters css-1orecca&amp;apos;]/div[@class=&amp;apos;MuiToolbar-root MuiToolbar-regular css-oxdlem&amp;apos;]/div[@class=&amp;apos;MuiStack-root css-19diydd&amp;apos;]/div[@class=&amp;apos;PrivateHiddenCss-root PrivateHiddenCss-mdDown css-9sga2b&amp;apos;]/div[@class=&amp;apos;MuiStack-root css-e3zn88&amp;apos;]/div[2]/div[1]/div[2]/span[1]/img[1]&amp;quot;}
  (Session info: chrome=124.0.6367.208)
For documentation on this error, please visit: https://www.selenium.dev/documentation/webdriver/troubleshooting/errors#no-such-element-exception
Build info: version: &amp;apos;4.21.0&amp;apos;, revision: &amp;apos;79ed462ef4&amp;apos;
System info: os.name: &amp;apos;Windows 10&amp;apos;, os.arch: &amp;apos;amd64&amp;apos;, os.version: &amp;apos;10.0&amp;apos;, java.version: &amp;apos;17.0.10&amp;apos;
Driver info: org.openqa.selenium.chrome.ChromeDriver
Command: [a6f30db426527961916d316edca00d24, findElement {value=//body/div[@id=&amp;apos;__next&amp;apos;]/header[@class=&amp;apos;MuiPaper-root MuiPaper-elevation MuiPaper-elevation4 MuiAppBar-root MuiAppBar-colorPrimary MuiAppBar-positionFixed mui-fixed css-1g82i9p&amp;apos;]/div[@class=&amp;apos;MuiContainer-root MuiContainer-maxWidthXl MuiContainer-disableGutters css-1orecca&amp;apos;]/div[@class=&amp;apos;MuiToolbar-root MuiToolbar-regular css-oxdlem&amp;apos;]/div[@class=&amp;apos;MuiStack-root css-19diydd&amp;apos;]/div[@class=&amp;apos;PrivateHiddenCss-root PrivateHiddenCss-mdDown css-9sga2b&amp;apos;]/div[@class=&amp;apos;MuiStack-root css-e3zn88&amp;apos;]/div[2]/div[1]/div[2]/span[1]/img[1], using=xpath}]
Capabilities {acceptInsecureCerts: false, browserName: chrome, browserVersion: 124.0.6367.208, chrome: {chromedriverVersion: 124.0.6367.207 (a9001a6e39f..., userDataDir: C:\Users\Sairam\AppData\Loc...}, fedcm:accounts: true, goog:chromeOptions: {debuggerAddress: localhost:61992}, networkConnectionEnabled: false, pageLoadStrategy: normal, platformName: windows, proxy: Proxy(), se:cdp: ws://localhost:61992/devtoo..., se:cdpVersion: 124.0.6367.208, setWindowRect: true, strictFileInteractability: false, timeouts: {implicit: 0, pageLoad: 300000, script: 30000}, unhandledPromptBehavior: dismiss and notify, webauthn:extension:credBlob: true, webauthn:extension:largeBlob: true, webauthn:extension:minPinLength: true, webauthn:extension:prf: true, webauthn:virtualAuthenticators: true}
Session ID: a6f30db426527961916d316edca00d24">
      <![CDATA[org.openqa.selenium.NoSuchElementException: no such element: Unable to locate element: {"method":"xpath","selector":"//body/div[@id='__next']/header[@class='MuiPaper-root MuiPaper-elevation MuiPaper-elevation4 MuiAppBar-root MuiAppBar-colorPrimary MuiAppBar-positionFixed mui-fixed css-1g82i9p']/div[@class='MuiContainer-root MuiContainer-maxWidthXl MuiContainer-disableGutters css-1orecca']/div[@class='MuiToolbar-root MuiToolbar-regular css-oxdlem']/div[@class='MuiStack-root css-19diydd']/div[@class='PrivateHiddenCss-root PrivateHiddenCss-mdDown css-9sga2b']/div[@class='MuiStack-root css-e3zn88']/div[2]/div[1]/div[2]/span[1]/img[1]"}
  (Session info: chrome=124.0.6367.208)
For documentation on this error, please visit: https://www.selenium.dev/documentation/webdriver/troubleshooting/errors#no-such-element-exception
Build info: version: '4.21.0', revision: '79ed462ef4'
System info: os.name: 'Windows 10', os.arch: 'amd64', os.version: '10.0', java.version: '17.0.10'
Driver info: org.openqa.selenium.chrome.ChromeDriver
Command: [a6f30db426527961916d316edca00d24, findElement {value=//body/div[@id='__next']/header[@class='MuiPaper-root MuiPaper-elevation MuiPaper-elevation4 MuiAppBar-root MuiAppBar-colorPrimary MuiAppBar-positionFixed mui-fixed css-1g82i9p']/div[@class='MuiContainer-root MuiContainer-maxWidthXl MuiContainer-disableGutters css-1orecca']/div[@class='MuiToolbar-root MuiToolbar-regular css-oxdlem']/div[@class='MuiStack-root css-19diydd']/div[@class='PrivateHiddenCss-root PrivateHiddenCss-mdDown css-9sga2b']/div[@class='MuiStack-root css-e3zn88']/div[2]/div[1]/div[2]/span[1]/img[1], using=xpath}]
Capabilities {acceptInsecureCerts: false, browserName: chrome, browserVersion: 124.0.6367.208, chrome: {chromedriverVersion: 124.0.6367.207 (a9001a6e39f..., userDataDir: C:\Users\Sairam\AppData\Loc...}, fedcm:accounts: true, goog:chromeOptions: {debuggerAddress: localhost:61992}, networkConnectionEnabled: false, pageLoadStrategy: normal, platformName: windows, proxy: Proxy(), se:cdp: ws://localhost:61992/devtoo..., se:cdpVersion: 124.0.6367.208, setWindowRect: true, strictFileInteractability: false, timeouts: {implicit: 0, pageLoad: 300000, script: 30000}, unhandledPromptBehavior: dismiss and notify, webauthn:extension:credBlob: true, webauthn:extension:largeBlob: true, webauthn:extension:minPinLength: true, webauthn:extension:prf: true, webauthn:virtualAuthenticators: true}
Session ID: a6f30db426527961916d316edca00d24
at org.openqa.selenium.remote.ErrorCodec.decode(ErrorCodec.java:167)
at org.openqa.selenium.remote.codec.w3c.W3CHttpResponseCodec.decode(W3CHttpResponseCodec.java:138)
at org.openqa.selenium.remote.codec.w3c.W3CHttpResponseCodec.decode(W3CHttpResponseCodec.java:50)
at org.openqa.selenium.remote.HttpCommandExecutor.execute(HttpCommandExecutor.java:190)
at org.openqa.selenium.remote.service.DriverCommandExecutor.invokeExecute(DriverCommandExecutor.java:216)
at org.openqa.selenium.remote.service.DriverCommandExecutor.execute(DriverCommandExecutor.java:174)
at org.openqa.selenium.remote.RemoteWebDriver.execute(RemoteWebDriver.java:518)
at org.openqa.selenium.remote.ElementLocation$ElementFinder$2.findElement(ElementLocation.java:165)
at org.openqa.selenium.remote.ElementLocation.findElement(ElementLocation.java:59)
at org.openqa.selenium.remote.RemoteWebDriver.findElement(RemoteWebDriver.java:355)
at org.openqa.selenium.remote.RemoteWebDriver.findElement(RemoteWebDriver.java:349)
at Assigement2.webtest1.solution7(webtest1.java:510)
at java.base/java.util.ArrayList.forEach(ArrayList.java:1511)
... Removed 32 stack frames]]>
    </failure>
  </testcase> <!-- solution7 -->
  <testcase classname="Assigement2.webtest1" name="solution8" time="0.021">
    <failure type="org.openqa.selenium.NoSuchElementException" message="no such element: Unable to locate element: {&amp;quot;method&amp;quot;:&amp;quot;xpath&amp;quot;,&amp;quot;selector&amp;quot;:&amp;quot;//body/div[@id=&amp;apos;__next&amp;apos;]/header[@class=&amp;apos;MuiPaper-root MuiPaper-elevation MuiPaper-elevation4 MuiAppBar-root MuiAppBar-colorPrimary MuiAppBar-positionFixed mui-fixed css-1g82i9p&amp;apos;]/div[@class=&amp;apos;MuiContainer-root MuiContainer-maxWidthXl MuiContainer-disableGutters css-1orecca&amp;apos;]/div[@class=&amp;apos;MuiToolbar-root MuiToolbar-regular css-oxdlem&amp;apos;]/div[@class=&amp;apos;MuiStack-root css-19diydd&amp;apos;]/div[@class=&amp;apos;PrivateHiddenCss-root PrivateHiddenCss-mdDown css-9sga2b&amp;apos;]/div[@class=&amp;apos;MuiStack-root css-e3zn88&amp;apos;]/div[2]/div[1]/div[2]/span[1]/img[1]&amp;quot;}
  (Session info: chrome=124.0.6367.208)
For documentation on this error, please visit: https://www.selenium.dev/documentation/webdriver/troubleshooting/errors#no-such-element-exception
Build info: version: &amp;apos;4.21.0&amp;apos;, revision: &amp;apos;79ed462ef4&amp;apos;
System info: os.name: &amp;apos;Windows 10&amp;apos;, os.arch: &amp;apos;amd64&amp;apos;, os.version: &amp;apos;10.0&amp;apos;, java.version: &amp;apos;17.0.10&amp;apos;
Driver info: org.openqa.selenium.chrome.ChromeDriver
Command: [a6f30db426527961916d316edca00d24, findElement {value=//body/div[@id=&amp;apos;__next&amp;apos;]/header[@class=&amp;apos;MuiPaper-root MuiPaper-elevation MuiPaper-elevation4 MuiAppBar-root MuiAppBar-colorPrimary MuiAppBar-positionFixed mui-fixed css-1g82i9p&amp;apos;]/div[@class=&amp;apos;MuiContainer-root MuiContainer-maxWidthXl MuiContainer-disableGutters css-1orecca&amp;apos;]/div[@class=&amp;apos;MuiToolbar-root MuiToolbar-regular css-oxdlem&amp;apos;]/div[@class=&amp;apos;MuiStack-root css-19diydd&amp;apos;]/div[@class=&amp;apos;PrivateHiddenCss-root PrivateHiddenCss-mdDown css-9sga2b&amp;apos;]/div[@class=&amp;apos;MuiStack-root css-e3zn88&amp;apos;]/div[2]/div[1]/div[2]/span[1]/img[1], using=xpath}]
Capabilities {acceptInsecureCerts: false, browserName: chrome, browserVersion: 124.0.6367.208, chrome: {chromedriverVersion: 124.0.6367.207 (a9001a6e39f..., userDataDir: C:\Users\Sairam\AppData\Loc...}, fedcm:accounts: true, goog:chromeOptions: {debuggerAddress: localhost:61992}, networkConnectionEnabled: false, pageLoadStrategy: normal, platformName: windows, proxy: Proxy(), se:cdp: ws://localhost:61992/devtoo..., se:cdpVersion: 124.0.6367.208, setWindowRect: true, strictFileInteractability: false, timeouts: {implicit: 0, pageLoad: 300000, script: 30000}, unhandledPromptBehavior: dismiss and notify, webauthn:extension:credBlob: true, webauthn:extension:largeBlob: true, webauthn:extension:minPinLength: true, webauthn:extension:prf: true, webauthn:virtualAuthenticators: true}
Session ID: a6f30db426527961916d316edca00d24">
      <![CDATA[org.openqa.selenium.NoSuchElementException: no such element: Unable to locate element: {"method":"xpath","selector":"//body/div[@id='__next']/header[@class='MuiPaper-root MuiPaper-elevation MuiPaper-elevation4 MuiAppBar-root MuiAppBar-colorPrimary MuiAppBar-positionFixed mui-fixed css-1g82i9p']/div[@class='MuiContainer-root MuiContainer-maxWidthXl MuiContainer-disableGutters css-1orecca']/div[@class='MuiToolbar-root MuiToolbar-regular css-oxdlem']/div[@class='MuiStack-root css-19diydd']/div[@class='PrivateHiddenCss-root PrivateHiddenCss-mdDown css-9sga2b']/div[@class='MuiStack-root css-e3zn88']/div[2]/div[1]/div[2]/span[1]/img[1]"}
  (Session info: chrome=124.0.6367.208)
For documentation on this error, please visit: https://www.selenium.dev/documentation/webdriver/troubleshooting/errors#no-such-element-exception
Build info: version: '4.21.0', revision: '79ed462ef4'
System info: os.name: 'Windows 10', os.arch: 'amd64', os.version: '10.0', java.version: '17.0.10'
Driver info: org.openqa.selenium.chrome.ChromeDriver
Command: [a6f30db426527961916d316edca00d24, findElement {value=//body/div[@id='__next']/header[@class='MuiPaper-root MuiPaper-elevation MuiPaper-elevation4 MuiAppBar-root MuiAppBar-colorPrimary MuiAppBar-positionFixed mui-fixed css-1g82i9p']/div[@class='MuiContainer-root MuiContainer-maxWidthXl MuiContainer-disableGutters css-1orecca']/div[@class='MuiToolbar-root MuiToolbar-regular css-oxdlem']/div[@class='MuiStack-root css-19diydd']/div[@class='PrivateHiddenCss-root PrivateHiddenCss-mdDown css-9sga2b']/div[@class='MuiStack-root css-e3zn88']/div[2]/div[1]/div[2]/span[1]/img[1], using=xpath}]
Capabilities {acceptInsecureCerts: false, browserName: chrome, browserVersion: 124.0.6367.208, chrome: {chromedriverVersion: 124.0.6367.207 (a9001a6e39f..., userDataDir: C:\Users\Sairam\AppData\Loc...}, fedcm:accounts: true, goog:chromeOptions: {debuggerAddress: localhost:61992}, networkConnectionEnabled: false, pageLoadStrategy: normal, platformName: windows, proxy: Proxy(), se:cdp: ws://localhost:61992/devtoo..., se:cdpVersion: 124.0.6367.208, setWindowRect: true, strictFileInteractability: false, timeouts: {implicit: 0, pageLoad: 300000, script: 30000}, unhandledPromptBehavior: dismiss and notify, webauthn:extension:credBlob: true, webauthn:extension:largeBlob: true, webauthn:extension:minPinLength: true, webauthn:extension:prf: true, webauthn:virtualAuthenticators: true}
Session ID: a6f30db426527961916d316edca00d24
at org.openqa.selenium.remote.ErrorCodec.decode(ErrorCodec.java:167)
at org.openqa.selenium.remote.codec.w3c.W3CHttpResponseCodec.decode(W3CHttpResponseCodec.java:138)
at org.openqa.selenium.remote.codec.w3c.W3CHttpResponseCodec.decode(W3CHttpResponseCodec.java:50)
at org.openqa.selenium.remote.HttpCommandExecutor.execute(HttpCommandExecutor.java:190)
at org.openqa.selenium.remote.service.DriverCommandExecutor.invokeExecute(DriverCommandExecutor.java:216)
at org.openqa.selenium.remote.service.DriverCommandExecutor.execute(DriverCommandExecutor.java:174)
at org.openqa.selenium.remote.RemoteWebDriver.execute(RemoteWebDriver.java:518)
at org.openqa.selenium.remote.ElementLocation$ElementFinder$2.findElement(ElementLocation.java:165)
at org.openqa.selenium.remote.ElementLocation.findElement(ElementLocation.java:59)
at org.openqa.selenium.remote.RemoteWebDriver.findElement(RemoteWebDriver.java:355)
at org.openqa.selenium.remote.RemoteWebDriver.findElement(RemoteWebDriver.java:349)
at Assigement2.webtest1.solution8(webtest1.java:532)
at java.base/java.util.ArrayList.forEach(ArrayList.java:1511)
... Removed 32 stack frames]]>
    </failure>
  </testcase> <!-- solution8 -->
  <testcase classname="Assigement2.webtest1" name="solution9" time="0.024">
    <failure type="org.openqa.selenium.NoSuchElementException" message="no such element: Unable to locate element: {&amp;quot;method&amp;quot;:&amp;quot;xpath&amp;quot;,&amp;quot;selector&amp;quot;:&amp;quot;//body/div[@id=&amp;apos;__next&amp;apos;]/header[@class=&amp;apos;MuiPaper-root MuiPaper-elevation MuiPaper-elevation4 MuiAppBar-root MuiAppBar-colorPrimary MuiAppBar-positionFixed mui-fixed css-1g82i9p&amp;apos;]/div[@class=&amp;apos;MuiContainer-root MuiContainer-maxWidthXl MuiContainer-disableGutters css-1orecca&amp;apos;]/div[@class=&amp;apos;MuiToolbar-root MuiToolbar-regular css-oxdlem&amp;apos;]/div[@class=&amp;apos;MuiStack-root css-19diydd&amp;apos;]/div[@class=&amp;apos;PrivateHiddenCss-root PrivateHiddenCss-mdDown css-9sga2b&amp;apos;]/div[@class=&amp;apos;MuiStack-root css-e3zn88&amp;apos;]/div[2]/div[1]/div[2]/span[1]/img[1]&amp;quot;}
  (Session info: chrome=124.0.6367.208)
For documentation on this error, please visit: https://www.selenium.dev/documentation/webdriver/troubleshooting/errors#no-such-element-exception
Build info: version: &amp;apos;4.21.0&amp;apos;, revision: &amp;apos;79ed462ef4&amp;apos;
System info: os.name: &amp;apos;Windows 10&amp;apos;, os.arch: &amp;apos;amd64&amp;apos;, os.version: &amp;apos;10.0&amp;apos;, java.version: &amp;apos;17.0.10&amp;apos;
Driver info: org.openqa.selenium.chrome.ChromeDriver
Command: [a6f30db426527961916d316edca00d24, findElement {value=//body/div[@id=&amp;apos;__next&amp;apos;]/header[@class=&amp;apos;MuiPaper-root MuiPaper-elevation MuiPaper-elevation4 MuiAppBar-root MuiAppBar-colorPrimary MuiAppBar-positionFixed mui-fixed css-1g82i9p&amp;apos;]/div[@class=&amp;apos;MuiContainer-root MuiContainer-maxWidthXl MuiContainer-disableGutters css-1orecca&amp;apos;]/div[@class=&amp;apos;MuiToolbar-root MuiToolbar-regular css-oxdlem&amp;apos;]/div[@class=&amp;apos;MuiStack-root css-19diydd&amp;apos;]/div[@class=&amp;apos;PrivateHiddenCss-root PrivateHiddenCss-mdDown css-9sga2b&amp;apos;]/div[@class=&amp;apos;MuiStack-root css-e3zn88&amp;apos;]/div[2]/div[1]/div[2]/span[1]/img[1], using=xpath}]
Capabilities {acceptInsecureCerts: false, browserName: chrome, browserVersion: 124.0.6367.208, chrome: {chromedriverVersion: 124.0.6367.207 (a9001a6e39f..., userDataDir: C:\Users\Sairam\AppData\Loc...}, fedcm:accounts: true, goog:chromeOptions: {debuggerAddress: localhost:61992}, networkConnectionEnabled: false, pageLoadStrategy: normal, platformName: windows, proxy: Proxy(), se:cdp: ws://localhost:61992/devtoo..., se:cdpVersion: 124.0.6367.208, setWindowRect: true, strictFileInteractability: false, timeouts: {implicit: 0, pageLoad: 300000, script: 30000}, unhandledPromptBehavior: dismiss and notify, webauthn:extension:credBlob: true, webauthn:extension:largeBlob: true, webauthn:extension:minPinLength: true, webauthn:extension:prf: true, webauthn:virtualAuthenticators: true}
Session ID: a6f30db426527961916d316edca00d24">
      <![CDATA[org.openqa.selenium.NoSuchElementException: no such element: Unable to locate element: {"method":"xpath","selector":"//body/div[@id='__next']/header[@class='MuiPaper-root MuiPaper-elevation MuiPaper-elevation4 MuiAppBar-root MuiAppBar-colorPrimary MuiAppBar-positionFixed mui-fixed css-1g82i9p']/div[@class='MuiContainer-root MuiContainer-maxWidthXl MuiContainer-disableGutters css-1orecca']/div[@class='MuiToolbar-root MuiToolbar-regular css-oxdlem']/div[@class='MuiStack-root css-19diydd']/div[@class='PrivateHiddenCss-root PrivateHiddenCss-mdDown css-9sga2b']/div[@class='MuiStack-root css-e3zn88']/div[2]/div[1]/div[2]/span[1]/img[1]"}
  (Session info: chrome=124.0.6367.208)
For documentation on this error, please visit: https://www.selenium.dev/documentation/webdriver/troubleshooting/errors#no-such-element-exception
Build info: version: '4.21.0', revision: '79ed462ef4'
System info: os.name: 'Windows 10', os.arch: 'amd64', os.version: '10.0', java.version: '17.0.10'
Driver info: org.openqa.selenium.chrome.ChromeDriver
Command: [a6f30db426527961916d316edca00d24, findElement {value=//body/div[@id='__next']/header[@class='MuiPaper-root MuiPaper-elevation MuiPaper-elevation4 MuiAppBar-root MuiAppBar-colorPrimary MuiAppBar-positionFixed mui-fixed css-1g82i9p']/div[@class='MuiContainer-root MuiContainer-maxWidthXl MuiContainer-disableGutters css-1orecca']/div[@class='MuiToolbar-root MuiToolbar-regular css-oxdlem']/div[@class='MuiStack-root css-19diydd']/div[@class='PrivateHiddenCss-root PrivateHiddenCss-mdDown css-9sga2b']/div[@class='MuiStack-root css-e3zn88']/div[2]/div[1]/div[2]/span[1]/img[1], using=xpath}]
Capabilities {acceptInsecureCerts: false, browserName: chrome, browserVersion: 124.0.6367.208, chrome: {chromedriverVersion: 124.0.6367.207 (a9001a6e39f..., userDataDir: C:\Users\Sairam\AppData\Loc...}, fedcm:accounts: true, goog:chromeOptions: {debuggerAddress: localhost:61992}, networkConnectionEnabled: false, pageLoadStrategy: normal, platformName: windows, proxy: Proxy(), se:cdp: ws://localhost:61992/devtoo..., se:cdpVersion: 124.0.6367.208, setWindowRect: true, strictFileInteractability: false, timeouts: {implicit: 0, pageLoad: 300000, script: 30000}, unhandledPromptBehavior: dismiss and notify, webauthn:extension:credBlob: true, webauthn:extension:largeBlob: true, webauthn:extension:minPinLength: true, webauthn:extension:prf: true, webauthn:virtualAuthenticators: true}
Session ID: a6f30db426527961916d316edca00d24
at org.openqa.selenium.remote.ErrorCodec.decode(ErrorCodec.java:167)
at org.openqa.selenium.remote.codec.w3c.W3CHttpResponseCodec.decode(W3CHttpResponseCodec.java:138)
at org.openqa.selenium.remote.codec.w3c.W3CHttpResponseCodec.decode(W3CHttpResponseCodec.java:50)
at org.openqa.selenium.remote.HttpCommandExecutor.execute(HttpCommandExecutor.java:190)
at org.openqa.selenium.remote.service.DriverCommandExecutor.invokeExecute(DriverCommandExecutor.java:216)
at org.openqa.selenium.remote.service.DriverCommandExecutor.execute(DriverCommandExecutor.java:174)
at org.openqa.selenium.remote.RemoteWebDriver.execute(RemoteWebDriver.java:518)
at org.openqa.selenium.remote.ElementLocation$ElementFinder$2.findElement(ElementLocation.java:165)
at org.openqa.selenium.remote.ElementLocation.findElement(ElementLocation.java:59)
at org.openqa.selenium.remote.RemoteWebDriver.findElement(RemoteWebDriver.java:355)
at org.openqa.selenium.remote.RemoteWebDriver.findElement(RemoteWebDriver.java:349)
at Assigement2.webtest1.solution9(webtest1.java:554)
at java.base/java.util.ArrayList.forEach(ArrayList.java:1511)
... Removed 32 stack frames]]>
    </failure>
  </testcase> <!-- solution9 -->
  <testcase classname="Assigement2.webtest1" name="loginpage1" time="5.365"/>
  <testcase classname="Assigement2.webtest1" name="navabout" time="15.35"/>
  <testcase classname="Assigement2.webtest1" name="productmenu" time="3.329"/>
  <testcase classname="Assigement2.webtest1" name="paltform_for_test1" time="3.257"/>
  <testcase classname="Assigement2.webtest1" name="paltform_for_tes_sub" time="3.196"/>
  <testcase classname="Assigement2.webtest1" name="paltform_for_sub1" time="0.188"/>
  <testcase classname="Assigement2.webtest1" name="paltform_for_test_subst1" time="3.137"/>
  <testcase classname="Assigement2.webtest1" name="paltform_for_testsub33" time="3.203"/>
  <testcase classname="Assigement2.webtest1" name="paltform_for_test_subst2" time="3.137"/>
  <testcase classname="Assigement2.webtest1" name="paltform_for_testsub4" time="0.189"/>
  <testcase classname="Assigement2.webtest1" name="paltform_for_test_subst5" time="3.088"/>
  <testcase classname="Assigement2.webtest1" name="paltform_for_testsub34" time="0.162"/>
  <testcase classname="Assigement2.webtest1" name="paltform_for_test_subst6" time="3.142"/>
  <testcase classname="Assigement2.webtest1" name="paltform_for_testsub7" time="0.197"/>
  <testcase classname="Assigement2.webtest1" name="paltform_for_test_subst7" time="3.14"/>
  <testcase classname="Assigement2.webtest1" name="paltform_for_testsub8" time="0.209"/>
  <testcase classname="Assigement2.webtest1" name="paltform_for_test_subst9" time="3.135"/>
  <testcase classname="Assigement2.webtest1" name="paltform_for_testsub9" time="0.191"/>
  <testcase classname="Assigement2.webtest1" name="paltform_for_test_subst10" time="3.119"/>
  <testcase classname="Assigement2.webtest1" name="paltform_for_testsub10" time="0.244"/>
  <testcase classname="Assigement2.webtest1" name="paltform_for_test_subsft" time="3.169"/>
  <testcase classname="Assigement2.webtest1" name="paltform_for_testsub11" time="0.21"/>
</testsuite> <!-- Test -->
